-0.0564028 0.0824472 0.0136271 0.0176486 -0.00586191 0.0146749 -0.0366737 0.220645 -0.0173033 0.0230242 -0.0191027 0.0354457
0.033847 0.0842749 -0.0150806 0.00907737 0.058785 0.00642592 0.107106 0.193037 -0.0700231 0.00565589 0.156601 0.0224796
-0.0653437 -0.117871 -0.149423 0.0166873 0.0134492 0.0474943 -0.000538444 -0.0973517 -0.25702 0.021895 0.0483821 0.132212
-0.0839532 0.00246522 0.0861236 -0.0111412 0.0969617 0.0397266 -0.0635083 0.0812737 0.128363 -0.0141322 0.233111 0.122189
-0.197967 -0.206559 -0.219687 0.00108638 0.0113286 0.0274187 -0.150965 -0.18531 -0.333435 0.00453544 0.0166328 0.0749854
0.0437719 0.0902843 0.108517 0.00420722 0.0147055 0.0243366 0.10914 0.18374 0.127337 0.00504044 0.0713054 0.0585227
-0.182396 -0.20989 -0.0493281 -0.0186101 -0.00941296 0.035485 -0.162889 -0.20375 -0.0480238 -0.0218162 -0.0238632 0.102465
0.115604 0.0387144 -0.0821789 0.00678115 -0.0685376 -0.0286286 0.255969 0.0966074 -0.210519 0.00941767 -0.175282 -0.0748979
-0.0276036 0.0267265 -0.0710167 -0.0205033 -0.0271787 -0.0340199 0.0396431 0.138173 -0.156537 -0.0298188 -0.0859519 -0.111925
-0.116947 -0.0481711 -0.0704276 -0.000743267 0.0342321 -0.0189466 -0.0805991 0.0314913 -0.123665 -0.00730333 0.0863593 -0.0554691
0.046851 -0.010602 0.100318 -0.000417731 -0.0764624 -0.010424 0.135612 0.0466713 0.13828 0.001235 -0.206283 -0.0355459
0.165353 0.173395 -0.0245082 -0.0146396 0.00172538 -0.0407319 0.287512 0.297545 -0.138596 -0.0252018 0.012026 -0.0968447
0.156937 0.1256 0.154022 -0.0532537 -0.0677012 -0.019916 0.274464 0.217374 0.178977 -0.0754004 -0.162071 -0.0729696
0.126742 0.123233 0.0125774 -0.0230554 0.0150261 0.00388667 0.243511 0.20844 -0.0585853 -0.0372558 0.0338111 0.0282056
-0.0818403 -0.0886255 -0.204602 -0.0257733 -0.0360567 -0.0168499 -0.0250284 -0.0257198 -0.359365 -0.0309841 -0.101952 -0.0536906
-0.199898 -0.218652 -0.181787 -0.0048535 0.0358537 -0.0341547 -0.18728 -0.195321 -0.262673 -0.0100309 0.100523 -0.0748608
-0.122905 -0.0934746 0.0276721 -0.0230542 0.0568271 0.00622679 -0.0893252 -0.0367117 0.0477504 -0.0390564 0.153356 0.0410847
-0.103375 -0.0530235 -0.0166122 0.000263586 0.0256866 0.00563161 -0.0730452 -0.00361344 -0.0323989 -0.002201 0.0618012 -0.00965522
-0.29641 -0.205345 -0.186146 -0.00781697 0.0471188 0.0362034 -0.30424 -0.164329 -0.247679 -0.0137442 0.12681 0.115327
-0.0955516 -0.15721 0.0611623 -0.0104599 -0.0268186 -0.0553942 -0.0433117 -0.154627 0.11894 -0.0127676 -0.0636698 -0.15108
-0.152795 -0.174019 -0.27464 -0.0106933 -0.0104371 0.00301673 -0.108549 -0.126268 -0.442268 -0.0103687 -0.00765511 0.00741833
0.128282 0.140374 0.181992 0.0231615 0.0709144 0.05561 0.217302 0.244263 0.238226 0.0307677 0.182027 0.130469
0.0254793 -0.0479497 -0.136067 -0.000938747 0.0302479 -0.0121761 0.13113 -0.0248626 -0.271486 0.00659256 0.063041 -0.0212428
0.201608 0.11217 0.100329 -0.00943152 0.0291612 0.0170102 0.341752 0.18529 0.0905313 -0.0120816 0.0884006 0.0521873
0.0876275 -0.0901229 0.184916 0.00247052 0.0283435 0.0205829 0.201116 -0.0923512 0.274501 0.00224322 0.0651641 0.0404427
-0.10466 -0.179662 -0.0933691 -0.0172147 -0.0182165 -0.0276147 -0.0499128 -0.169609 -0.134413 -0.0185589 -0.0370514 -0.074587
-0.178311 -0.0726372 0.000663145 -0.0276889 -0.0442011 0.0649517 -0.182869 -0.00761167 0.0198062 -0.0387228 -0.0946037 0.170739
0.204543 0.187925 0.0569218 -0.0112149 -0.0272578 -0.0758051 0.362679 0.311049 -0.00419111 -0.0195912 -0.085183 -0.229852
0.0589611 -0.00171492 -0.0026442 -0.00365924 -0.0458966 -0.0587662 0.160159 0.046961 -0.0468646 -0.00875011 -0.13892 -0.178893
-0.0567408 -0.223863 -0.111085 -0.0101225 0.038001 0.0686985 0.0319396 -0.23849 -0.180274 -0.0167939 0.11579 0.176134
-0.162723 0.0717988 0.0937465 -0.0027431 0.0336637 0.0355084 -0.187692 0.204588 0.138378 0.000206556 0.0761566 0.0633643
0.0734583 0.131069 0.0592473 0.0135306 0.0205034 0.0120198 0.142322 0.23471 0.0307257 0.0273279 0.0807588 0.0258873
-0.197925 -0.213671 -0.0929174 -0.0215223 -0.0695381 -0.0382384 -0.169309 -0.21362 -0.114555 -0.0316822 -0.181173 -0.110038
-0.0725077 -0.183499 -0.1781 0.00333456 -0.0320486 0.00654709 0.00642844 -0.163511 -0.301905 -0.001665 -0.0955001 0.00406556
0.0149943 -0.0626754 0.0137044 0.00540855 0.00510831 -0.002054 0.0945714 -0.0404076 -0.00156456 0.00562944 0.0275089 -0.00225811
-0.0272096 -0.0653731 -0.0844647 0.00125732 -0.00317829 0.027519 0.0383726 -0.0218138 -0.155639 0.000822222 -0.003215 0.0387172
0.134789 -0.0273957 -0.14347 0.0127915 -0.0227764 0.00643925 0.312604 0.00164667 -0.300128 0.0172264 -0.06669 0.0198219
-0.20022 0.0122832 0.01319 0.00809391 -0.0276037 -0.0173693 -0.243679 0.1148 0.00376289 0.0108283 -0.0977354 -0.050733
-0.0651742 -0.0231873 -0.146069 0.0233822 0.00137305 0.0885898 0.000213889 0.0489811 -0.269206 0.0377158 -0.011624 0.229059
0.0895052 0.0270812 0.130087 -0.0275614 -0.0111611 -0.0471804 0.183482 0.0719674 0.173407 -0.039876 -0.0444898 -0.119723
0.00299598 -0.0199078 -0.11969 -0.010128 0.0239039 -0.0032984 0.0817177 0.0362267 -0.225954 -0.021861 0.0576272 -0.00292267
-0.0532134 -0.0504437 -0.00739448 0.00271079 -0.0150869 0.00585971 -0.00818289 0.00519378 -0.0495769 0.0143887 -0.0480934 0.0268443
0.0416571 0.0137413 -0.027165 0.00265372 0.00878442 0.0202861 0.119943 0.09104 -0.10299 0.00716089 0.0148979 0.0382327
0.0293385 0.0224618 0.143504 -0.0118303 0.103087 -0.0106738 0.10431 0.0760402 0.202452 -0.0206048 0.261631 -0.0129278
0.0355594 0.0259201 0.0524419 0.0105199 0.0458065 -0.00575261 0.0941727 0.103115 0.0329123 0.0214413 0.116371 -0.0131194
0.051624 0.0509094 -0.0670575 0.0171158 0.0344945 0.0120793 0.145605 0.131191 -0.167642 0.0302918 0.0800101 0.0173896
0.0200725 -0.06585 0.0506583 -0.0240627 0.0022764 0.0289048 0.103339 -0.0247846 0.0542194 -0.0340593 -0.00281278 0.0800443
-0.131518 -0.105205 -0.113755 0.00616731 0.0370919 -0.000374634 -0.0917024 -0.0481393 -0.187078 0.00303078 0.0918281 0.00144667
-0.165779 -0.167853 -0.0553109 0.00844349 0.0566768 -0.025881 -0.137552 -0.131793 -0.0698579 0.0122281 0.143349 -0.0636277
0.063301 0.17522 0.178856 -0.0188912 -0.112886 0.0254799 0.111388 0.308782 0.229268 -0.0187241 -0.292068 0.0677494
0.0315857 0.0594079 0.05737 -0.00622366 0.0437752 0.0697466 0.109813 0.147848 0.0585054 -0.00363478 0.0911369 0.162852
-0.0619064 -0.0113878 0.0568537 0.0159153 -0.00183354 0.0349087 -0.0397391 0.0747599 0.0648616 0.0221473 -0.0293907 0.107762
0.044914 0.0504138 0.105997 -0.00880968 0.0549058 0.066039 0.110999 0.138115 0.132253 -0.0150779 0.133723 0.17291
0.0153867 0.0601937 -0.162491 -0.00502407 0.0640468 -0.0455256 0.106538 0.165817 -0.330383 0.00416789 0.170886 -0.123343
-0.196309 -0.134938 -0.0686022 0.00779066 -0.031706 -0.0214276 -0.186829 -0.0826458 -0.0923442 0.013899 -0.0598774 -0.047255
0.0530369 0.0089197 -0.0670731 0.0111413 -0.0101404 -0.0126731 0.165821 0.0771606 -0.178537 0.0158591 -0.0180187 -0.0417483
-0.0744712 -0.0941965 0.0773008 -0.0113983 0.00920129 -0.0271199 -0.0237481 -0.0774892 0.124506 -0.0237806 0.0234243 -0.0715648
-0.019354 -0.037354 -0.0348074 0.0158159 -0.00322448 -0.000252315 0.0340431 0.0262767 -0.0924027 0.0229999 -0.0165506 -0.0102059
0.139185 0.115947 0.0312634 -0.0195882 -0.0429705 0.0492893 0.251528 0.231963 -0.026061 -0.0187949 -0.112334 0.119132
-0.1229 -0.182126 -0.206651 -0.00349092 -0.0238196 0.068578 -0.0599988 -0.172523 -0.335283 0.001067 -0.0867009 0.186158
0.104899 0.194289 -0.0115788 0.0365009 0.0330802 0.0177864 0.185759 0.359844 -0.117547 0.0444324 0.0901734 0.0486458
-0.0587602 -0.0839289 -0.20897 0.00704423 0.0311567 0.0128408 0.0105648 -0.0251003 -0.364628 0.003314 0.0625123 0.0309002
0.245983 0.0249026 0.204817 0.0145831 -0.064682 0.0644048 0.43106 0.037933 0.269801 0.0236797 -0.184026 0.17067
-0.202271 -0.203023 -0.171705 0.00448972 -0.0478248 0.00978147 -0.181598 -0.183172 -0.258746 0.0106951 -0.139327 0.0226011
0.00330442 0.052299 -0.0255637 0.00413241 -0.0224517 -0.00820502 0.0533987 0.138814 -0.0808348 0.00700467 -0.0609508 -0.0351047
-0.191263 -0.165658 0.0150682 -0.00611379 0.0398024 -0.0380883 -0.183733 -0.14046 0.0490079 -0.00730256 0.122293 -0.116094
0.0463483 0.00342462 0.181408 -0.0170787 -0.00796875 0.0253139 0.124501 0.0581032 0.278497 -0.0302064 0.00820622 0.0761581
-0.0411093 -0.142843 -0.122404 0.0204761 -0.0248812 -0.0802884 0.0506751 -0.138838 -0.205126 0.0280994 -0.0387593 -0.219151
0.153835 0.174963 0.131755 -0.0101597 -0.0170083 -0.00619458 0.251161 0.289435 0.1408 -0.00605489 -0.0491868 -0.0330589
-0.111975 -0.323124 -0.0775406 -0.00199109 0.000586331 -0.0315923 -0.0242573 -0.381152 -0.109363 -0.0112218 -0.0273117 -0.0835677
-0.0265642 -0.181272 -0.0697029 -0.0352989 -0.0252054 -0.0526096 0.0664183 -0.180718 -0.141719 -0.0479167 -0.0458311 -0.154667
0.18268 0.0600087 0.122985 -0.00306089 0.00778787 0.00180297 0.326969 0.102342 0.129966 -0.000989444 0.0107911 0.00858744
-0.0484107 -0.0739789 -0.119122 0.0166886 0.0380872 -0.0203507 0.0128446 -0.0257764 -0.222354 0.0236096 0.109357 -0.0773229
0.0690093 0.11706 -0.0547208 0.0151565 0.0654359 0.0403101 0.1385 0.240264 -0.166018 0.0161799 0.171501 0.0877999
0.0265699 -0.00624548 0.105524 0.0339592 -0.0378582 0.0202303 0.105742 0.046475 0.154623 0.0467074 -0.0968423 0.0501448
-0.163433 -0.199384 -0.219294 0.0055904 0.000479094 -0.00869694 -0.112516 -0.17189 -0.330119 0.000795444 -0.00895711 -0.00821322
-0.12313 -0.10458 0.0346428 -0.00428783 -0.00189901 0.0644476 -0.0959161 -0.0671949 0.0684776 -0.00914267 -0.00934267 0.172289
-0.102014 -0.108134 -0.0814933 -0.0132245 0.0273518 -0.0546222 -0.0626229 -0.0742202 -0.131504 -0.0239156 0.088888 -0.143823
-0.0431542 0.0969242 -0.028572 -0.00541203 0.101814 -0.0580213 0.00197322 0.236969 -0.108324 -0.00235711 0.269702 -0.148122
0.112573 0.23586 0.0559273 -0.00374217 -0.0257453 -0.000978853 0.188839 0.391635 0.00473333 -0.0120114 -0.0783484 -0.00424022
0.140771 0.0831989 0.0777143 0.00106162 0.00941829 -0.0290022 0.253875 0.168584 0.0556969 0.00178811 0.0105293 -0.0806299
-0.130388 -0.117689 -0.0479418 0.0476171 -0.023085 0.0239152 -0.104869 -0.0734018 -0.0644589 0.0634939 -0.0576206 0.078676
-0.130347 -0.18183 -0.11306 0.0403738 -0.0234291 0.0463215 -0.0881948 -0.166749 -0.173486 0.0522164 -0.060745 0.126208
0.0149175 -0.0507476 0.0344714 0.011885 -0.0273086 0.0529444 0.0892128 -0.00466289 0.0357754 0.00878522 -0.096022 0.125577
0.0423374 0.0882742 -0.00824235 0.000989094 0.0622178 0.0394615 0.125573 0.189659 -0.0619019 -0.00587322 0.1581 0.0880348
-0.118401 -0.0100343 -0.0272735 0.00170135 0.0580055 0.0269379 -0.0956317 0.0889163 -0.0669697 0.00611722 0.187066 0.0442534
0.0671557 -0.021716 0.0279569 -0.0155364 0.044079 -0.0574872 0.171438 0.0126217 0.0137387 -0.0235308 0.104987 -0.164296
-0.0278095 0.00576661 0.0980853 -0.0139129 -0.0230237 -0.00428219 0.0305179 0.0790472 0.130868 -0.0112389 -0.0290108 -0.0172578
-0.0328238 -0.0930112 -0.173065 -0.00365383 0.0510366 -0.0697798 0.0488168 -0.0322003 -0.295826 -0.00589022 0.126099 -0.174194
-0.0913758 0.0539951 -0.160487 -0.00141459 0.082402 -0.0560302 -0.0732116 0.184978 -0.299794 9.18889e-05 0.233274 -0.141026
0.13419 0.0181975 0.0606648 -0.00531172 0.041453 -0.0144877 0.277178 0.0739951 0.03628 0.00845011 0.115888 -0.0224032
0.0340651 0.0696742 -0.0359571 -0.00350338 -0.0338087 -0.0296992 0.104855 0.170691 -0.106317 -0.00600844 -0.0958697 -0.085022
0.0169113 -0.0429739 -0.085062 0.0233715 -0.00266175 -0.0359909 0.10813 -0.00912267 -0.170306 0.0359396 0.00620567 -0.0921122
0.183555 0.0572675 -0.0113663 0.00376813 0.012965 0.0429866 0.338836 0.117045 -0.0900689 0.00724222 0.0514631 0.113809
-0.147602 -0.0627344 0.00466744 0.01497 0.0395632 0.0599582 -0.14191 0.0137334 0.00923133 0.0279011 0.0941606 0.170508
-0.0759798 -0.0532294 -0.00863939 -0.0203699 -0.0296557 -0.0750058 -0.0431664 0.00871211 -0.0209824 -0.0230221 -0.0906074 -0.196653
-0.0448537 -0.0960911 -0.0957352 -0.00384195 0.0169236 -0.0593067 0.0195244 -0.052083 -0.175739 -0.0102248 0.0249234 -0.188248
-0.138199 -0.076545 -0.177015 -0.00283442 0.0631708 -0.019827 -0.10891 -0.00392378 -0.297814 -0.00186289 0.15404 -0.0373082
-0.0175242 -0.111809 0.0346699 -0.00656944 0.0208866 0.0198323 0.0486426 -0.104727 0.0424878 -0.0140557 0.0622027 0.058566
0.0278884 0.0871758 0.0573834 0.00520293 0.0562118 -0.000807048 0.0722794 0.202249 0.051379 0.0133213 0.149072 -0.0203608
0.124046 0.0899139 0.148356 -0.00384821 -0.000800981 -0.0144914 0.226749 0.167625 0.185043 -0.001721 -0.00602622 -0.0602316
0.0479669 0.0132803 -0.11458 0.0143235 0.00334415 0.0795647 0.162496 0.0920809 -0.238253 0.0180266 0.0172374 0.213731
-0.0821824 0.0625215 0.0224186 0.011935 0.0846965 -0.00104416 -0.0579084 0.178427 0.000823667 0.0183826 0.217002 0.00187311
-0.115335 -0.137312 -0.14336 0.00225041 -0.0126012 -0.0365407 -0.0539458 -0.106941 -0.242513 -0.00165944 -0.000790444 -0.086141
